<?xml version="1.0" encoding="UTF-8"?>
<!-- Generated by org.testng.reporters.JUnitXMLReporter -->
<testsuite hostname="admin-PC" ignored="2" name="Test" tests="1" failures="0" timestamp="25 Feb 2018 19:11:49 GMT" time="0.076" errors="0">
  <testcase name="@BeforeSuite setUp" time="0.0" classname="com.tns.automation.pinterest.DriverManagementSetUp">
    <failure type="java.lang.IllegalStateException" message="The driver executable does not exist: C:\Users\admin\git\pinter\pint\target\classes\chromedriver.exe">
      <![CDATA[java.lang.IllegalStateException: The driver executable does not exist: C:\Users\admin\git\pinter\pint\target\classes\chromedriver.exe
	at com.google.common.base.Preconditions.checkState(Preconditions.java:585)
	at org.openqa.selenium.remote.service.DriverService.checkExecutable(DriverService.java:136)
	at org.openqa.selenium.remote.service.DriverService.findExecutable(DriverService.java:131)
	at org.openqa.selenium.chrome.ChromeDriverService.access$000(ChromeDriverService.java:32)
	at org.openqa.selenium.chrome.ChromeDriverService$Builder.findDefaultExecutable(ChromeDriverService.java:137)
	at org.openqa.selenium.remote.service.DriverService$Builder.build(DriverService.java:339)
	at org.openqa.selenium.chrome.ChromeDriverService.createDefaultService(ChromeDriverService.java:88)
	at org.openqa.selenium.chrome.ChromeDriver.<init>(ChromeDriver.java:157)
	at com.tns.automation.pinterest.DriverManagementSetUp.setUp(DriverManagementSetUp.java:40)
... Removed 19 stack frames]]>
    </failure>
  </testcase> <!-- @BeforeSuite setUp -->
  <testcase name="@BeforeTest login" time="0.0" classname="com.tns.automation.pinterest.Pint">
    <skipped/>
  </testcase> <!-- @BeforeTest login -->
  <testcase name="Pinter" time="0.0" classname="com.tns.automation.pinterest.Pint">
    <skipped/>
  </testcase> <!-- Pinter -->
  <testcase name="@AfterSuite tearDown" time="0.0" classname="com.tns.automation.pinterest.DriverManagementSetUp">
    <ignored/>
  </testcase> <!-- @AfterSuite tearDown -->
  <testcase name="@BeforeSuite setUp" time="0.0" classname="com.tns.automation.pinterest.DriverManagementSetUp">
    <ignored/>
  </testcase> <!-- @BeforeSuite setUp -->
</testsuite> <!-- Test -->
